<?xml version="1.0" encoding="UTF-8"?>
<!-- Generated by org.testng.reporters.JUnitReportReporter -->
<testsuite hostname="LAPTOP-5228LSQF" failures="0" tests="1" name="com.nopcommerce.testCases.TC_AddCustomerTest_003" time="21.620" errors="0" timestamp="2020-10-11T00:24:00 AEDT" skipped="0">
  <testcase classname="com.nopcommerce.testCases.TC_AddCustomerTest_003" name="addNewCustomer" time="21.620"/>
  <system-out/>
</testsuite> <!-- com.nopcommerce.testCases.TC_AddCustomerTest_003 -->
