<?xml version="1.0" encoding="UTF-8"?>
<!-- Generated by org.testng.reporters.JUnitReportReporter -->
<testsuite hostname="LAPTOP-5228LSQF" failures="0" tests="1" name="com.nopcommerce.testCases.TC_LoginTest_001" time="19.946" errors="0" timestamp="2020-10-11T00:24:00 AEDT" skipped="0">
  <testcase classname="com.nopcommerce.testCases.TC_LoginTest_001" name="loginTest" time="19.946"/>
  <system-out/>
</testsuite> <!-- com.nopcommerce.testCases.TC_LoginTest_001 -->
