<?xml version="1.0" encoding="UTF-8"?>
<!-- Generated by org.testng.reporters.JUnitReportReporter -->
<testsuite skipped="0" hostname="LAPTOP-5228LSQF" name="com.nopcommerce.testCases.TC_LoginDDT_002" tests="4" failures="0" timestamp="2020-10-12T12:30:34 AEDT" time="54.430" errors="0">
  <testcase name="loginTest" time="11.161" classname="com.nopcommerce.testCases.TC_LoginDDT_002"/>
  <system-out/>
  <testcase name="loginTest" time="20.051" classname="com.nopcommerce.testCases.TC_LoginDDT_002"/>
  <system-out/>
  <testcase name="loginTest" time="11.993" classname="com.nopcommerce.testCases.TC_LoginDDT_002"/>
  <system-out/>
  <testcase name="loginTest" time="11.225" classname="com.nopcommerce.testCases.TC_LoginDDT_002"/>
  <system-out/>
</testsuite> <!-- com.nopcommerce.testCases.TC_LoginDDT_002 -->
